app/build/intermediates/manifest_merge_blame_file/debug/manifest-merger-blame-debug-report.txt
1<?xml version="1.0" encoding="utf-8"?>
2<manifest xmlns:android="http://schemas.android.com/apk/res/android"
3    package="com.example.basic"
4    android:versionCode="1"
5    android:versionName="1.0" >
6
7    <uses-sdk
8        android:minSdkVersion="25"
8-->src\main\AndroidManifest.xml
9        android:targetSdkVersion="30" />
9-->src\main\AndroidManifest.xml
10
11    <uses-permission android:name="android.permission.READ_EXTERNAL_STORAGE" />
11-->src\main\AndroidManifest.xml:5:5-80
11-->src\main\AndroidManifest.xml:5:22-77
12    <uses-permission android:name="android.permission.CAMERA" />
12-->src\main\AndroidManifest.xml:6:5-65
12-->src\main\AndroidManifest.xml:6:22-62
13
14    <application
14-->src\main\AndroidManifest.xml:8:5-42:19
15        android:allowBackup="true"
15-->src\main\AndroidManifest.xml:9:9-35
16        android:appComponentFactory="androidx.core.app.CoreComponentFactory"
16-->[androidx.core:core:1.3.1] AndroidManifest.xml:24:18-86
17        android:debuggable="true"
18        android:extractNativeLibs="false"
19        android:icon="@mipmap/ic_launcher"
19-->src\main\AndroidManifest.xml:10:9-43
20        android:label="@string/app_name"
20-->src\main\AndroidManifest.xml:11:9-41
21        android:roundIcon="@mipmap/ic_launcher_round"
21-->src\main\AndroidManifest.xml:12:9-54
22        android:supportsRtl="true"
22-->src\main\AndroidManifest.xml:13:9-35
23        android:testOnly="true"
24        android:theme="@style/AppTheme" >
24-->src\main\AndroidManifest.xml:14:9-40
25        <activity android:name="com.example.basic.NewWidgets" >
25-->src\main\AndroidManifest.xml:15:9-21:20
25-->src\main\AndroidManifest.xml:15:19-45
26            <intent-filter>
26-->src\main\AndroidManifest.xml:16:13-20:29
27                <action android:name="android.intent.action.MAIN" />
27-->src\main\AndroidManifest.xml:17:17-69
27-->src\main\AndroidManifest.xml:17:25-66
28
29                <category android:name="android.intent.category.LAUNCHER" />
29-->src\main\AndroidManifest.xml:19:17-77
29-->src\main\AndroidManifest.xml:19:27-74
30            </intent-filter>
31        </activity>
32        <activity android:name="com.example.basic.LoginPage" />
32-->src\main\AndroidManifest.xml:22:9-47
32-->src\main\AndroidManifest.xml:22:19-44
33        <activity android:name="com.example.basic.BMIcalculator" />
33-->src\main\AndroidManifest.xml:23:9-60
33-->src\main\AndroidManifest.xml:23:19-48
34        <activity android:name="com.example.basic.GuessGame" />
34-->src\main\AndroidManifest.xml:24:9-56
34-->src\main\AndroidManifest.xml:24:19-44
35        <activity android:name="com.example.basic.MenusDemo" />
35-->src\main\AndroidManifest.xml:25:9-56
35-->src\main\AndroidManifest.xml:25:19-44
36        <activity android:name="com.example.basic.AddContact" />
36-->src\main\AndroidManifest.xml:26:9-48
36-->src\main\AndroidManifest.xml:26:19-45
37        <activity android:name="com.example.basic.PhoneCall" >
37-->src\main\AndroidManifest.xml:27:9-29:20
37-->src\main\AndroidManifest.xml:27:19-44
38        </activity>
39        <activity android:name="com.example.basic.ToDoList" />
39-->src\main\AndroidManifest.xml:30:9-55
39-->src\main\AndroidManifest.xml:30:19-43
40        <activity android:name="com.example.basic.Intents" />
40-->src\main\AndroidManifest.xml:31:9-54
40-->src\main\AndroidManifest.xml:31:19-42
41        <activity android:name="com.example.basic.IntentsResult" />
41-->src\main\AndroidManifest.xml:32:9-51
41-->src\main\AndroidManifest.xml:32:19-48
42        <activity android:name="com.example.basic.ConstraintLayoutDemo" />
42-->src\main\AndroidManifest.xml:33:9-58
42-->src\main\AndroidManifest.xml:33:19-55
43        <activity android:name="com.example.basic.form1" />
43-->src\main\AndroidManifest.xml:34:9-43
43-->src\main\AndroidManifest.xml:34:19-40
44        <activity android:name="com.example.basic.GridLayouts" />
44-->src\main\AndroidManifest.xml:35:9-49
44-->src\main\AndroidManifest.xml:35:19-46
45        <activity android:name="com.example.basic.ListViewDemo" />
45-->src\main\AndroidManifest.xml:36:9-59
45-->src\main\AndroidManifest.xml:36:19-47
46        <activity android:name="com.example.basic.Form" />
46-->src\main\AndroidManifest.xml:37:9-42
46-->src\main\AndroidManifest.xml:37:19-39
47        <activity android:name="com.example.basic.SignUp" />
47-->src\main\AndroidManifest.xml:38:9-44
47-->src\main\AndroidManifest.xml:38:19-41
48        <activity android:name="com.example.basic.RelativeLayout" />
48-->src\main\AndroidManifest.xml:39:9-52
48-->src\main\AndroidManifest.xml:39:19-49
49        <activity android:name="com.example.basic.BasicLog" />
49-->src\main\AndroidManifest.xml:40:9-46
49-->src\main\AndroidManifest.xml:40:19-43
50        <activity android:name="com.example.basic.MainActivity" />
50-->src\main\AndroidManifest.xml:41:9-50
50-->src\main\AndroidManifest.xml:41:19-47
51    </application>
52
53</manifest>